{"numTotalTestSuites":28,"numPassedTestSuites":28,"numFailedTestSuites":0,"numPendingTestSuites":0,"numTotalTests":100,"numPassedTests":100,"numFailedTests":0,"numPendingTests":0,"numTodoTests":0,"snapshot":{"added":0,"failure":false,"filesAdded":0,"filesRemoved":0,"filesRemovedList":[],"filesUnmatched":0,"filesUpdated":0,"matched":1,"total":1,"unchecked":0,"uncheckedKeysByFile":[],"unmatched":0,"updated":0,"didUpdate":false},"startTime":1759046465246,"success":true,"testResults":[{"assertionResults":[{"ancestorTitles":["Article Component"],"fullName":"Article Component should render with minimal required props","status":"passed","title":"should render with minimal required props","duration":143.91137500000002,"failureMessages":[],"meta":{}},{"ancestorTitles":["Article Component"],"fullName":"Article Component should render with all props","status":"passed","title":"should render with all props","duration":87.57249999999999,"failureMessages":[],"meta":{}},{"ancestorTitles":["Article Component"],"fullName":"Article Component should render publication with proper formatting on desktop","status":"passed","title":"should render publication with proper formatting on desktop","duration":1.6405829999998787,"failureMessages":[],"meta":{}},{"ancestorTitles":["Article Component"],"fullName":"Article Component should render subtitle when provided","status":"passed","title":"should render subtitle when provided","duration":1.3155000000001564,"failureMessages":[],"meta":{}},{"ancestorTitles":["Article Component"],"fullName":"Article Component should render external link when provided","status":"passed","title":"should render external link when provided","duration":23.652417000000014,"failureMessages":[],"meta":{}},{"ancestorTitles":["Article Component"],"fullName":"Article Component should render all provided images","status":"passed","title":"should render all provided images","duration":56.90104099999985,"failureMessages":[],"meta":{}},{"ancestorTitles":["Article Component"],"fullName":"Article Component should apply correct heading level","status":"passed","title":"should apply correct heading level","duration":44.756209000000126,"failureMessages":[],"meta":{}},{"ancestorTitles":["Article Component"],"fullName":"Article Component should apply full display width styling when fullDisplay is true","status":"passed","title":"should apply full display width styling when fullDisplay is true","duration":54.284458000000086,"failureMessages":[],"meta":{}},{"ancestorTitles":["Article Component"],"fullName":"Article Component should apply limited width styling when fullDisplay is false or undefined","status":"passed","title":"should apply limited width styling when fullDisplay is false or undefined","duration":37.90766600000006,"failureMessages":[],"meta":{}},{"ancestorTitles":["Article Component"],"fullName":"Article Component should not render images section when media array is empty","status":"passed","title":"should not render images section when media array is empty","duration":0.9952500000001692,"failureMessages":[],"meta":{}},{"ancestorTitles":["Article Component"],"fullName":"Article Component should not render publication when not provided","status":"passed","title":"should not render publication when not provided","duration":3.2859169999999267,"failureMessages":[],"meta":{}},{"ancestorTitles":["Article Component"],"fullName":"Article Component should not render subtitle when not provided","status":"passed","title":"should not render subtitle when not provided","duration":1.2796249999998963,"failureMessages":[],"meta":{}},{"ancestorTitles":["Article Component"],"fullName":"Article Component should not render link when not provided","status":"passed","title":"should not render link when not provided","duration":0.9788750000000164,"failureMessages":[],"meta":{}},{"ancestorTitles":["Article Component"],"fullName":"Article Component should have correct image attributes for Next.js optimization","status":"passed","title":"should have correct image attributes for Next.js optimization","duration":34.48912499999983,"failureMessages":[],"meta":{}}],"startTime":1759046466102,"endTime":1759046466595.489,"status":"passed","message":"","name":"/Users/matthieu/Development/cpmb/__tests__/components/Article.test.tsx"},{"assertionResults":[{"ancestorTitles":["ArtistArticle"],"fullName":"ArtistArticle should render the artist article with all elements","status":"passed","title":"should render the artist article with all elements","duration":151.2551249999999,"failureMessages":[],"meta":{}},{"ancestorTitles":["ArtistArticle"],"fullName":"ArtistArticle should render with custom heading level","status":"passed","title":"should render with custom heading level","duration":11.411749999999984,"failureMessages":[],"meta":{}},{"ancestorTitles":["ArtistArticle"],"fullName":"ArtistArticle should apply correct spacing between paragraphs","status":"passed","title":"should apply correct spacing between paragraphs","duration":1.728666999999973,"failureMessages":[],"meta":{}},{"ancestorTitles":["ArtistArticle"],"fullName":"ArtistArticle should render with single paragraph","status":"passed","title":"should render with single paragraph","duration":1.1916250000000446,"failureMessages":[],"meta":{}},{"ancestorTitles":["ArtistArticle"],"fullName":"ArtistArticle should render with empty text array","status":"passed","title":"should render with empty text array","duration":79.6757090000001,"failureMessages":[],"meta":{}},{"ancestorTitles":["ArtistArticle"],"fullName":"ArtistArticle should apply responsive image classes","status":"passed","title":"should apply responsive image classes","duration":30.58141599999999,"failureMessages":[],"meta":{}},{"ancestorTitles":["ArtistArticle"],"fullName":"ArtistArticle should apply correct flex layout classes","status":"passed","title":"should apply correct flex layout classes","duration":51.88220799999999,"failureMessages":[],"meta":{}},{"ancestorTitles":["ArtistArticle"],"fullName":"ArtistArticle should handle special characters in text","status":"passed","title":"should handle special characters in text","duration":1.6279159999999138,"failureMessages":[],"meta":{}}],"startTime":1759046466107,"endTime":1759046466436.628,"status":"passed","message":"","name":"/Users/matthieu/Development/cpmb/__tests__/components/ArtistArticle.test.tsx"},{"assertionResults":[{"ancestorTitles":["Carrousel"],"fullName":"Carrousel should render the carrousel with images","status":"passed","title":"should render the carrousel with images","duration":85.13625000000002,"failureMessages":[],"meta":{}},{"ancestorTitles":["Carrousel"],"fullName":"Carrousel should render navigation buttons","status":"passed","title":"should render navigation buttons","duration":106.55254200000002,"failureMessages":[],"meta":{}},{"ancestorTitles":["Carrousel"],"fullName":"Carrousel should render indicator dots","status":"passed","title":"should render indicator dots","duration":61.979666000000066,"failureMessages":[],"meta":{}},{"ancestorTitles":["Carrousel"],"fullName":"Carrousel should have proper accessibility attributes","status":"passed","title":"should have proper accessibility attributes","duration":9.068332999999939,"failureMessages":[],"meta":{}},{"ancestorTitles":["Carrousel"],"fullName":"Carrousel should have proper accessibility attributes with autoplay off","status":"passed","title":"should have proper accessibility attributes with autoplay off","duration":8.274249999999938,"failureMessages":[],"meta":{}},{"ancestorTitles":["Carrousel"],"fullName":"Carrousel should have first indicator dot marked as current by default","status":"passed","title":"should have first indicator dot marked as current by default","duration":42.70508299999983,"failureMessages":[],"meta":{}}],"startTime":1759046467170,"endTime":1759046467484.705,"status":"passed","message":"","name":"/Users/matthieu/Development/cpmb/__tests__/components/Carrousel.test.tsx"},{"assertionResults":[{"ancestorTitles":["Concert Component"],"fullName":"Concert Component should render with all required props","status":"passed","title":"should render with all required props","duration":200.545167,"failureMessages":[],"meta":{}},{"ancestorTitles":["Concert Component"],"fullName":"Concert Component should render multiple dates correctly","status":"passed","title":"should render multiple dates correctly","duration":2.4878340000000208,"failureMessages":[],"meta":{}},{"ancestorTitles":["Concert Component"],"fullName":"Concert Component should truncate long descriptions","status":"passed","title":"should truncate long descriptions","duration":5.629750000000058,"failureMessages":[],"meta":{}},{"ancestorTitles":["Concert Component"],"fullName":"Concert Component should have correct image dimensions and styling","status":"passed","title":"should have correct image dimensions and styling","duration":12.83983400000011,"failureMessages":[],"meta":{}},{"ancestorTitles":["Concert Component"],"fullName":"Concert Component should render heading with correct variant","status":"passed","title":"should render heading with correct variant","duration":34.93724999999995,"failureMessages":[],"meta":{}},{"ancestorTitles":["Concert Component"],"fullName":"Concert Component should handle empty or single date array","status":"passed","title":"should handle empty or single date array","duration":2.064916999999923,"failureMessages":[],"meta":{}},{"ancestorTitles":["Concert Component"],"fullName":"Concert Component should format dates in French timezone correctly","status":"passed","title":"should format dates in French timezone correctly","duration":1.678583000000117,"failureMessages":[],"meta":{}},{"ancestorTitles":["Concert Component"],"fullName":"Concert Component should render correctly without description","status":"passed","title":"should render correctly without description","duration":72.15295800000013,"failureMessages":[],"meta":{}},{"ancestorTitles":["Concert Component"],"fullName":"Concert Component should apply correct link classes based on description length","status":"passed","title":"should apply correct link classes based on description length","duration":68.24512499999992,"failureMessages":[],"meta":{}}],"startTime":1759046466144,"endTime":1759046466544.245,"status":"passed","message":"","name":"/Users/matthieu/Development/cpmb/__tests__/components/Concert.test.tsx"},{"assertionResults":[{"ancestorTitles":["Footer"],"fullName":"Footer should render the footer element","status":"passed","title":"should render the footer element","duration":24.604499999999916,"failureMessages":[],"meta":{}}],"startTime":1759046467422,"endTime":1759046467446.6045,"status":"passed","message":"","name":"/Users/matthieu/Development/cpmb/__tests__/components/Footer.test.tsx"},{"assertionResults":[{"ancestorTitles":["Header"],"fullName":"Header should render the header with logo and title","status":"passed","title":"should render the header with logo and title","duration":79.87141700000006,"failureMessages":[],"meta":{}},{"ancestorTitles":["Header"],"fullName":"Header should have correct link attributes","status":"passed","title":"should have correct link attributes","duration":15.773624999999925,"failureMessages":[],"meta":{}},{"ancestorTitles":["Header"],"fullName":"Header should have proper semantic structure","status":"passed","title":"should have proper semantic structure","duration":8.502917000000025,"failureMessages":[],"meta":{}}],"startTime":1759046467414,"endTime":1759046467517.503,"status":"passed","message":"","name":"/Users/matthieu/Development/cpmb/__tests__/components/Header.test.tsx"},{"assertionResults":[{"ancestorTitles":["Heading Component"],"fullName":"Heading Component should render with default h1 level and styles","status":"passed","title":"should render with default h1 level and styles","duration":91.815834,"failureMessages":[],"meta":{}},{"ancestorTitles":["Heading Component"],"fullName":"Heading Component should render different heading levels","status":"passed","title":"should render different heading levels","duration":21.69150000000002,"failureMessages":[],"meta":{}},{"ancestorTitles":["Heading Component"],"fullName":"Heading Component should apply custom className along with variant styles","status":"passed","title":"should apply custom className along with variant styles","duration":40.03029099999992,"failureMessages":[],"meta":{}},{"ancestorTitles":["Heading Component"],"fullName":"Heading Component should accept and apply HTML attributes","status":"passed","title":"should accept and apply HTML attributes","duration":9.648000000000138,"failureMessages":[],"meta":{}},{"ancestorTitles":["Heading Component"],"fullName":"Heading Component should handle click event properly","status":"passed","title":"should handle click event properly","duration":70.4620829999999,"failureMessages":[],"meta":{}},{"ancestorTitles":["Heading Component"],"fullName":"Heading Component should apply correct styles for different variants","status":"passed","title":"should apply correct styles for different variants","duration":28.757041000000072,"failureMessages":[],"meta":{}},{"ancestorTitles":["Heading Component"],"fullName":"Heading Component should render h4 and h5 headings correctly","status":"passed","title":"should render h4 and h5 headings correctly","duration":32.305665999999974,"failureMessages":[],"meta":{}},{"ancestorTitles":["Heading Component"],"fullName":"Heading Component should render h6 heading correctly","status":"passed","title":"should render h6 heading correctly","duration":60.368999999999915,"failureMessages":[],"meta":{}},{"ancestorTitles":["Heading Component"],"fullName":"Heading Component should fall back to h1 for invalid heading level","status":"passed","title":"should fall back to h1 for invalid heading level","duration":8.36741700000016,"failureMessages":[],"meta":{}},{"ancestorTitles":["Heading Component"],"fullName":"Heading Component should use variant as heading level when hLevel is not provided","status":"passed","title":"should use variant as heading level when hLevel is not provided","duration":15.522292000000107,"failureMessages":[],"meta":{}},{"ancestorTitles":["Heading Component"],"fullName":"Heading Component should prioritize hLevel over variant","status":"passed","title":"should prioritize hLevel over variant","duration":7.724916000000121,"failureMessages":[],"meta":{}}],"startTime":1759046466141,"endTime":1759046466527.7249,"status":"passed","message":"","name":"/Users/matthieu/Development/cpmb/__tests__/components/Heading.test.tsx"},{"assertionResults":[{"ancestorTitles":["NotFound"],"fullName":"NotFound should render not found page with correct content","status":"passed","title":"should render not found page with correct content","duration":106.613834,"failureMessages":[],"meta":{}}],"startTime":1759046467353,"endTime":1759046467459.6138,"status":"passed","message":"","name":"/Users/matthieu/Development/cpmb/__tests__/components/NotFound.test.tsx"},{"assertionResults":[{"ancestorTitles":["ScrollToTop"],"fullName":"ScrollToTop should call window.scrollTo with correct parameters on mount","status":"passed","title":"should call window.scrollTo with correct parameters on mount","duration":15.194042000000081,"failureMessages":[],"meta":{}},{"ancestorTitles":["ScrollToTop"],"fullName":"ScrollToTop should not render any visible content","status":"passed","title":"should not render any visible content","duration":0.7651250000000118,"failureMessages":[],"meta":{}},{"ancestorTitles":["ScrollToTop"],"fullName":"ScrollToTop should call scrollTo only once per mount","status":"passed","title":"should call scrollTo only once per mount","duration":1.195583000000056,"failureMessages":[],"meta":{}},{"ancestorTitles":["ScrollToTop"],"fullName":"ScrollToTop should handle missing window.scrollTo gracefully","status":"passed","title":"should handle missing window.scrollTo gracefully","duration":6.6882080000000315,"failureMessages":[],"meta":{}},{"ancestorTitles":["ScrollToTop"],"fullName":"ScrollToTop should work with multiple instances","status":"passed","title":"should work with multiple instances","duration":4.502707999999984,"failureMessages":[],"meta":{}}],"startTime":1759046467137,"endTime":1759046467165.5027,"status":"passed","message":"","name":"/Users/matthieu/Development/cpmb/__tests__/components/ScrollToTop.test.tsx"},{"assertionResults":[{"ancestorTitles":["ArticlePage"],"fullName":"ArticlePage should render article when slug is found","status":"passed","title":"should render article when slug is found","duration":159.57887500000004,"failureMessages":[],"meta":{}},{"ancestorTitles":["ArticlePage"],"fullName":"ArticlePage should call notFound when slug is not found","status":"passed","title":"should call notFound when slug is not found","duration":1.1483749999999873,"failureMessages":[],"meta":{}},{"ancestorTitles":["ArticlePage"],"fullName":"ArticlePage should generate static params for all articles","status":"passed","title":"should generate static params for all articles","duration":5.280582999999979,"failureMessages":[],"meta":{}},{"ancestorTitles":["ArticlePage"],"fullName":"ArticlePage should generate metadata for existing article","status":"passed","title":"should generate metadata for existing article","duration":0.4974170000000413,"failureMessages":[],"meta":{}},{"ancestorTitles":["ArticlePage"],"fullName":"ArticlePage should generate default metadata for non-existent article","status":"passed","title":"should generate default metadata for non-existent article","duration":0.2454169999999749,"failureMessages":[],"meta":{}}],"startTime":1759046466091,"endTime":1759046466257.4973,"status":"passed","message":"","name":"/Users/matthieu/Development/cpmb/__tests__/pages/ArticlePage.test.tsx"},{"assertionResults":[{"ancestorTitles":["ConcertPage"],"fullName":"ConcertPage should render concert when slug is found","status":"passed","title":"should render concert when slug is found","duration":118.86799999999994,"failureMessages":[],"meta":{}},{"ancestorTitles":["ConcertPage"],"fullName":"ConcertPage should call notFound when slug is not found","status":"passed","title":"should call notFound when slug is not found","duration":0.48441700000000765,"failureMessages":[],"meta":{}},{"ancestorTitles":["ConcertPage"],"fullName":"ConcertPage should generate static params for all concerts","status":"passed","title":"should generate static params for all concerts","duration":1.2362919999999349,"failureMessages":[],"meta":{}},{"ancestorTitles":["ConcertPage"],"fullName":"ConcertPage should generate metadata for existing concert","status":"passed","title":"should generate metadata for existing concert","duration":0.21887499999991178,"failureMessages":[],"meta":{}},{"ancestorTitles":["ConcertPage"],"fullName":"ConcertPage should generate default metadata for non-existent concert","status":"passed","title":"should generate default metadata for non-existent concert","duration":0.11970799999994597,"failureMessages":[],"meta":{}}],"startTime":1759046466152,"endTime":1759046466273.2363,"status":"passed","message":"","name":"/Users/matthieu/Development/cpmb/__tests__/pages/ConcertPage.test.tsx"},{"assertionResults":[{"ancestorTitles":["cn utility function"],"fullName":"cn utility function should handle string inputs","status":"passed","title":"should handle string inputs","duration":5.613707999999974,"failureMessages":[],"meta":{}},{"ancestorTitles":["cn utility function"],"fullName":"cn utility function should handle undefined and null inputs","status":"passed","title":"should handle undefined and null inputs","duration":0.07670899999993708,"failureMessages":[],"meta":{}},{"ancestorTitles":["cn utility function"],"fullName":"cn utility function should handle boolean conditional classes","status":"passed","title":"should handle boolean conditional classes","duration":0.048249999999939064,"failureMessages":[],"meta":{}},{"ancestorTitles":["cn utility function"],"fullName":"cn utility function should handle object inputs with boolean values","status":"passed","title":"should handle object inputs with boolean values","duration":0.08249999999998181,"failureMessages":[],"meta":{}},{"ancestorTitles":["cn utility function"],"fullName":"cn utility function should handle array inputs","status":"passed","title":"should handle array inputs","duration":0.039499999999975444,"failureMessages":[],"meta":{}},{"ancestorTitles":["cn utility function"],"fullName":"cn utility function should handle mixed input types","status":"passed","title":"should handle mixed input types","duration":0.0784160000000611,"failureMessages":[],"meta":{}},{"ancestorTitles":["cn utility function"],"fullName":"cn utility function should merge conflicting Tailwind classes","status":"passed","title":"should merge conflicting Tailwind classes","duration":0.08720900000002985,"failureMessages":[],"meta":{}},{"ancestorTitles":["cn utility function"],"fullName":"cn utility function should handle responsive variants correctly","status":"passed","title":"should handle responsive variants correctly","duration":0.05012499999997999,"failureMessages":[],"meta":{}},{"ancestorTitles":["cn utility function"],"fullName":"cn utility function should handle hover and focus variants","status":"passed","title":"should handle hover and focus variants","duration":0.05070899999998346,"failureMessages":[],"meta":{}},{"ancestorTitles":["cn utility function"],"fullName":"cn utility function should merge conflicting classes with variants","status":"passed","title":"should merge conflicting classes with variants","duration":0.050707999999985987,"failureMessages":[],"meta":{}},{"ancestorTitles":["cn utility function"],"fullName":"cn utility function should handle empty inputs","status":"passed","title":"should handle empty inputs","duration":0.10379199999999855,"failureMessages":[],"meta":{}},{"ancestorTitles":["cn utility function"],"fullName":"cn utility function should handle spacing classes correctly","status":"passed","title":"should handle spacing classes correctly","duration":0.06420799999989413,"failureMessages":[],"meta":{}},{"ancestorTitles":["cn utility function"],"fullName":"cn utility function should handle complex Tailwind merge scenarios","status":"passed","title":"should handle complex Tailwind merge scenarios","duration":0.05787499999996726,"failureMessages":[],"meta":{}},{"ancestorTitles":["cn utility function"],"fullName":"cn utility function should preserve non-Tailwind classes","status":"passed","title":"should preserve non-Tailwind classes","duration":0.04404099999999289,"failureMessages":[],"meta":{}},{"ancestorTitles":["cn utility function"],"fullName":"cn utility function should handle dark mode variants","status":"passed","title":"should handle dark mode variants","duration":0.04720899999995254,"failureMessages":[],"meta":{}},{"ancestorTitles":["cn utility function"],"fullName":"cn utility function should handle arbitrary values","status":"passed","title":"should handle arbitrary values","duration":0.19804199999998673,"failureMessages":[],"meta":{}},{"ancestorTitles":["cn utility function"],"fullName":"cn utility function should merge arbitrary values correctly","status":"passed","title":"should merge arbitrary values correctly","duration":0.12170900000000984,"failureMessages":[],"meta":{}}],"startTime":1759046466046,"endTime":1759046466053.1218,"status":"passed","message":"","name":"/Users/matthieu/Development/cpmb/__tests__/utils/classnames.test.ts"},{"assertionResults":[{"ancestorTitles":["formatFrenchDateTime"],"fullName":"formatFrenchDateTime should format a winter date (CET) correctly","status":"passed","title":"should format a winter date (CET) correctly","duration":15.207291999999939,"failureMessages":[],"meta":{}},{"ancestorTitles":["formatFrenchDateTime"],"fullName":"formatFrenchDateTime should format a summer date (CEST) correctly","status":"passed","title":"should format a summer date (CEST) correctly","duration":0.1996670000000904,"failureMessages":[],"meta":{}},{"ancestorTitles":["formatFrenchDateTime"],"fullName":"formatFrenchDateTime should remove leading zero from hours","status":"passed","title":"should remove leading zero from hours","duration":0.1279579999999214,"failureMessages":[],"meta":{}},{"ancestorTitles":["formatFrenchDateTime"],"fullName":"formatFrenchDateTime should format date-only string without time","status":"passed","title":"should format date-only string without time","duration":0.08445799999992687,"failureMessages":[],"meta":{}},{"ancestorTitles":["formatFrenchDateTime"],"fullName":"formatFrenchDateTime should format another date-only string correctly","status":"passed","title":"should format another date-only string correctly","duration":0.07783299999994142,"failureMessages":[],"meta":{}},{"ancestorTitles":["formatFrenchDateTime"],"fullName":"formatFrenchDateTime should return empty string for invalid input","status":"passed","title":"should return empty string for invalid input","duration":0.04558399999996254,"failureMessages":[],"meta":{}},{"ancestorTitles":["formatFrenchDateTime"],"fullName":"formatFrenchDateTime should use custom timezone when provided","status":"passed","title":"should use custom timezone when provided","duration":0.13058300000000145,"failureMessages":[],"meta":{}},{"ancestorTitles":["formatFrenchDateTime"],"fullName":"formatFrenchDateTime should handle edge case with missing format parts gracefully","status":"passed","title":"should handle edge case with missing format parts gracefully","duration":0.11512500000003456,"failureMessages":[],"meta":{}},{"ancestorTitles":["formatFrenchDateTime"],"fullName":"formatFrenchDateTime should format minutes correctly with leading zeros","status":"passed","title":"should format minutes correctly with leading zeros","duration":0.12229199999990215,"failureMessages":[],"meta":{}},{"ancestorTitles":["formatFrenchDateTime"],"fullName":"formatFrenchDateTime should handle date-only strings in different formats","status":"passed","title":"should handle date-only strings in different formats","duration":0.12908300000003692,"failureMessages":[],"meta":{}}],"startTime":1759046466946,"endTime":1759046466963.1292,"status":"passed","message":"","name":"/Users/matthieu/Development/cpmb/__tests__/utils/formatDate.test.ts"},{"assertionResults":[{"ancestorTitles":["truncateAtWord"],"fullName":"truncateAtWord should return original when below limit","status":"passed","title":"should return original when below limit","duration":2.7897080000000187,"failureMessages":[],"meta":{}},{"ancestorTitles":["truncateAtWord"],"fullName":"truncateAtWord should cut at the next space after limit and adds ellipsis","status":"passed","title":"should cut at the next space after limit and adds ellipsis","duration":0.3177499999999327,"failureMessages":[],"meta":{}},{"ancestorTitles":["truncateAtWord"],"fullName":"truncateAtWord should fall back to previous space when no space after limit","status":"passed","title":"should fall back to previous space when no space after limit","duration":0.09850000000005821,"failureMessages":[],"meta":{}},{"ancestorTitles":["truncateAtWord"],"fullName":"truncateAtWord should hard cut a single long word when no spaces present","status":"passed","title":"should hard cut a single long word when no spaces present","duration":0.711667000000034,"failureMessages":[],"meta":{}},{"ancestorTitles":["truncateAtWord"],"fullName":"truncateAtWord should normalize newlines and multiple spaces","status":"passed","title":"should normalize newlines and multiple spaces","duration":0.11495899999999892,"failureMessages":[],"meta":{}}],"startTime":1759046467243,"endTime":1759046467250.115,"status":"passed","message":"","name":"/Users/matthieu/Development/cpmb/__tests__/utils/truncate.test.ts"}],"coverageMap":{"/Users/matthieu/Development/cpmb/components/Article.tsx":{"path":"/Users/matthieu/Development/cpmb/components/Article.tsx","all":false,"statementMap":{"0":{"start":{"line":1,"column":0},"end":{"line":1,"column":31}},"2":{"start":{"line":3,"column":0},"end":{"line":3,"column":43}},"3":{"start":{"line":4,"column":0},"end":{"line":4,"column":40}},"15":{"start":{"line":16,"column":0},"end":{"line":16,"column":107}},"16":{"start":{"line":17,"column":0},"end":{"line":17,"column":10}},"17":{"start":{"line":18,"column":0},"end":{"line":18,"column":13}},"18":{"start":{"line":19,"column":0},"end":{"line":19,"column":52}},"19":{"start":{"line":20,"column":0},"end":{"line":20,"column":50}},"20":{"start":{"line":21,"column":0},"end":{"line":21,"column":25}},"21":{"start":{"line":22,"column":0},"end":{"line":22,"column":50}},"22":{"start":{"line":23,"column":0},"end":{"line":23,"column":56}},"23":{"start":{"line":24,"column":0},"end":{"line":24,"column":25}},"24":{"start":{"line":25,"column":0},"end":{"line":25,"column":17}},"26":{"start":{"line":27,"column":0},"end":{"line":27,"column":12}},"28":{"start":{"line":29,"column":0},"end":{"line":29,"column":54}},"29":{"start":{"line":30,"column":0},"end":{"line":30,"column":16}},"30":{"start":{"line":31,"column":0},"end":{"line":31,"column":11}},"31":{"start":{"line":32,"column":0},"end":{"line":32,"column":116}},"33":{"start":{"line":34,"column":0},"end":{"line":34,"column":14}},"34":{"start":{"line":35,"column":0},"end":{"line":35,"column":12}},"36":{"start":{"line":37,"column":0},"end":{"line":37,"column":37}},"37":{"start":{"line":38,"column":0},"end":{"line":38,"column":90}},"38":{"start":{"line":39,"column":0},"end":{"line":39,"column":40}},"39":{"start":{"line":40,"column":0},"end":{"line":40,"column":18}},"40":{"start":{"line":41,"column":0},"end":{"line":41,"column":23}},"41":{"start":{"line":42,"column":0},"end":{"line":42,"column":23}},"42":{"start":{"line":43,"column":0},"end":{"line":43,"column":23}},"43":{"start":{"line":44,"column":0},"end":{"line":44,"column":26}},"44":{"start":{"line":45,"column":0},"end":{"line":45,"column":26}},"45":{"start":{"line":46,"column":0},"end":{"line":46,"column":79}},"46":{"start":{"line":47,"column":0},"end":{"line":47,"column":14}},"47":{"start":{"line":48,"column":0},"end":{"line":48,"column":13}},"48":{"start":{"line":49,"column":0},"end":{"line":49,"column":14}},"50":{"start":{"line":51,"column":0},"end":{"line":51,"column":14}},"52":{"start":{"line":53,"column":0},"end":{"line":53,"column":2}},"54":{"start":{"line":55,"column":0},"end":{"line":55,"column":23}}},"s":{"0":1,"2":1,"3":1,"15":1,"16":17,"17":17,"18":17,"19":17,"20":17,"21":3,"22":3,"23":3,"24":3,"26":17,"28":17,"29":17,"30":3,"31":3,"33":3,"34":3,"36":17,"37":16,"38":16,"39":31,"40":31,"41":31,"42":31,"43":31,"44":31,"45":31,"46":31,"47":16,"48":16,"50":17,"52":17,"54":1},"branchMap":{"0":{"type":"branch","line":16,"loc":{"start":{"line":16,"column":16},"end":{"line":53,"column":2}},"locations":[{"start":{"line":16,"column":16},"end":{"line":53,"column":2}}]},"1":{"type":"branch","line":21,"loc":{"start":{"line":21,"column":9},"end":{"line":25,"column":17}},"locations":[{"start":{"line":21,"column":9},"end":{"line":25,"column":17}}]},"2":{"type":"branch","line":29,"loc":{"start":{"line":29,"column":7},"end":{"line":29,"column":54}},"locations":[{"start":{"line":29,"column":7},"end":{"line":29,"column":54}}]},"3":{"type":"branch","line":30,"loc":{"start":{"line":30,"column":7},"end":{"line":35,"column":12}},"locations":[{"start":{"line":30,"column":7},"end":{"line":35,"column":12}}]},"4":{"type":"branch","line":37,"loc":{"start":{"line":37,"column":31},"end":{"line":49,"column":14}},"locations":[{"start":{"line":37,"column":31},"end":{"line":49,"column":14}}]},"5":{"type":"branch","line":39,"loc":{"start":{"line":39,"column":21},"end":{"line":47,"column":14}},"locations":[{"start":{"line":39,"column":21},"end":{"line":47,"column":14}}]},"6":{"type":"branch","line":46,"loc":{"start":{"line":46,"column":21},"end":{"line":46,"column":45}},"locations":[{"start":{"line":46,"column":21},"end":{"line":46,"column":45}}]},"7":{"type":"branch","line":46,"loc":{"start":{"line":46,"column":35},"end":{"line":46,"column":79}},"locations":[{"start":{"line":46,"column":35},"end":{"line":46,"column":79}}]}},"b":{"0":[17],"1":[3],"2":[3],"3":[3],"4":[16],"5":[31],"6":[4],"7":[27]},"fnMap":{"0":{"name":"Article","decl":{"start":{"line":16,"column":16},"end":{"line":53,"column":2}},"loc":{"start":{"line":16,"column":16},"end":{"line":53,"column":2}},"line":16}},"f":{"0":17}},"/Users/matthieu/Development/cpmb/components/ArtistArticle.tsx":{"path":"/Users/matthieu/Development/cpmb/components/ArtistArticle.tsx","all":false,"statementMap":{"0":{"start":{"line":1,"column":0},"end":{"line":1,"column":31}},"2":{"start":{"line":3,"column":0},"end":{"line":3,"column":43}},"3":{"start":{"line":4,"column":0},"end":{"line":4,"column":40}},"13":{"start":{"line":14,"column":0},"end":{"line":14,"column":83}},"14":{"start":{"line":15,"column":0},"end":{"line":15,"column":10}},"15":{"start":{"line":16,"column":0},"end":{"line":16,"column":56}},"16":{"start":{"line":17,"column":0},"end":{"line":17,"column":48}},"17":{"start":{"line":18,"column":0},"end":{"line":18,"column":14}},"18":{"start":{"line":19,"column":0},"end":{"line":19,"column":16}},"19":{"start":{"line":20,"column":0},"end":{"line":20,"column":89}},"20":{"start":{"line":21,"column":0},"end":{"line":21,"column":14}},"21":{"start":{"line":22,"column":0},"end":{"line":22,"column":21}},"22":{"start":{"line":23,"column":0},"end":{"line":23,"column":19}},"23":{"start":{"line":24,"column":0},"end":{"line":24,"column":21}},"24":{"start":{"line":25,"column":0},"end":{"line":25,"column":22}},"25":{"start":{"line":26,"column":0},"end":{"line":26,"column":18}},"26":{"start":{"line":27,"column":0},"end":{"line":27,"column":50}},"27":{"start":{"line":28,"column":0},"end":{"line":28,"column":99}},"28":{"start":{"line":29,"column":0},"end":{"line":29,"column":10}},"29":{"start":{"line":30,"column":0},"end":{"line":30,"column":13}},"30":{"start":{"line":31,"column":0},"end":{"line":31,"column":43}},"31":{"start":{"line":32,"column":0},"end":{"line":32,"column":96}},"32":{"start":{"line":33,"column":0},"end":{"line":33,"column":25}},"33":{"start":{"line":34,"column":0},"end":{"line":34,"column":16}},"34":{"start":{"line":35,"column":0},"end":{"line":35,"column":13}},"35":{"start":{"line":36,"column":0},"end":{"line":36,"column":14}},"36":{"start":{"line":37,"column":0},"end":{"line":37,"column":12}},"37":{"start":{"line":38,"column":0},"end":{"line":38,"column":14}},"39":{"start":{"line":40,"column":0},"end":{"line":40,"column":2}},"41":{"start":{"line":42,"column":0},"end":{"line":42,"column":29}}},"s":{"0":1,"2":1,"3":1,"13":1,"14":8,"15":8,"16":8,"17":8,"18":8,"19":8,"20":8,"21":8,"22":8,"23":8,"24":8,"25":8,"26":8,"27":8,"28":8,"29":8,"30":8,"31":18,"32":18,"33":18,"34":8,"35":8,"36":8,"37":8,"39":8,"41":1},"branchMap":{"0":{"type":"branch","line":14,"loc":{"start":{"line":14,"column":22},"end":{"line":40,"column":2}},"locations":[{"start":{"line":14,"column":22},"end":{"line":40,"column":2}}]},"1":{"type":"branch","line":31,"loc":{"start":{"line":31,"column":20},"end":{"line":34,"column":16}},"locations":[{"start":{"line":31,"column":20},"end":{"line":34,"column":16}}]}},"b":{"0":[8],"1":[18]},"fnMap":{"0":{"name":"ArtistArticle","decl":{"start":{"line":14,"column":22},"end":{"line":40,"column":2}},"loc":{"start":{"line":14,"column":22},"end":{"line":40,"column":2}},"line":14}},"f":{"0":8}},"/Users/matthieu/Development/cpmb/components/Carrousel.tsx":{"path":"/Users/matthieu/Development/cpmb/components/Carrousel.tsx","all":false,"statementMap":{"2":{"start":{"line":3,"column":0},"end":{"line":3,"column":31}},"3":{"start":{"line":4,"column":0},"end":{"line":4,"column":65}},"5":{"start":{"line":6,"column":0},"end":{"line":6,"column":73}},"11":{"start":{"line":12,"column":0},"end":{"line":12,"column":60}},"12":{"start":{"line":13,"column":0},"end":{"line":13,"column":54}},"13":{"start":{"line":14,"column":0},"end":{"line":14,"column":55}},"14":{"start":{"line":15,"column":0},"end":{"line":15,"column":50}},"15":{"start":{"line":16,"column":0},"end":{"line":16,"column":54}},"17":{"start":{"line":18,"column":0},"end":{"line":18,"column":39}},"18":{"start":{"line":19,"column":0},"end":{"line":19,"column":68}},"19":{"start":{"line":20,"column":0},"end":{"line":20,"column":9}},"21":{"start":{"line":22,"column":0},"end":{"line":22,"column":39}},"22":{"start":{"line":23,"column":0},"end":{"line":23,"column":84}},"23":{"start":{"line":24,"column":0},"end":{"line":24,"column":9}},"25":{"start":{"line":26,"column":0},"end":{"line":26,"column":52}},"26":{"start":{"line":27,"column":0},"end":{"line":27,"column":27}},"27":{"start":{"line":28,"column":0},"end":{"line":28,"column":9}},"29":{"start":{"line":30,"column":0},"end":{"line":30,"column":45}},"30":{"start":{"line":31,"column":0},"end":{"line":31,"column":34}},"31":{"start":{"line":32,"column":0},"end":{"line":32,"column":9}},"33":{"start":{"line":34,"column":0},"end":{"line":34,"column":19}},"34":{"start":{"line":35,"column":0},"end":{"line":35,"column":27}},"35":{"start":{"line":36,"column":0},"end":{"line":36,"column":17}},"38":{"start":{"line":39,"column":0},"end":{"line":39,"column":43}},"39":{"start":{"line":40,"column":0},"end":{"line":40,"column":64}},"40":{"start":{"line":41,"column":0},"end":{"line":41,"column":62}},"41":{"start":{"line":42,"column":0},"end":{"line":42,"column":18}},"44":{"start":{"line":45,"column":0},"end":{"line":45,"column":42}},"45":{"start":{"line":46,"column":0},"end":{"line":46,"column":39}},"46":{"start":{"line":47,"column":0},"end":{"line":47,"column":41}},"47":{"start":{"line":48,"column":0},"end":{"line":48,"column":33}},"48":{"start":{"line":49,"column":0},"end":{"line":49,"column":5}},"50":{"start":{"line":51,"column":0},"end":{"line":51,"column":43}},"51":{"start":{"line":52,"column":0},"end":{"line":52,"column":44}},"52":{"start":{"line":53,"column":0},"end":{"line":53,"column":37}},"53":{"start":{"line":54,"column":0},"end":{"line":54,"column":5}},"54":{"start":{"line":55,"column":0},"end":{"line":55,"column":9}},"57":{"start":{"line":58,"column":0},"end":{"line":58,"column":19}},"59":{"start":{"line":60,"column":0},"end":{"line":60,"column":114}},"61":{"start":{"line":62,"column":0},"end":{"line":62,"column":19}},"62":{"start":{"line":63,"column":0},"end":{"line":63,"column":37}},"65":{"start":{"line":66,"column":0},"end":{"line":66,"column":55}},"66":{"start":{"line":67,"column":0},"end":{"line":67,"column":22}},"67":{"start":{"line":68,"column":0},"end":{"line":68,"column":37}},"68":{"start":{"line":69,"column":0},"end":{"line":69,"column":13}},"70":{"start":{"line":71,"column":0},"end":{"line":71,"column":18}},"71":{"start":{"line":72,"column":0},"end":{"line":72,"column":21}},"72":{"start":{"line":73,"column":0},"end":{"line":73,"column":6}},"73":{"start":{"line":74,"column":0},"end":{"line":74,"column":47}},"76":{"start":{"line":77,"column":0},"end":{"line":77,"column":19}},"77":{"start":{"line":78,"column":0},"end":{"line":78,"column":27}},"78":{"start":{"line":79,"column":0},"end":{"line":79,"column":17}},"80":{"start":{"line":81,"column":0},"end":{"line":81,"column":10}},"81":{"start":{"line":82,"column":0},"end":{"line":82,"column":12}},"82":{"start":{"line":83,"column":0},"end":{"line":83,"column":83}},"83":{"start":{"line":84,"column":0},"end":{"line":84,"column":46}},"84":{"start":{"line":85,"column":0},"end":{"line":85,"column":19}},"85":{"start":{"line":86,"column":0},"end":{"line":86,"column":37}},"86":{"start":{"line":87,"column":0},"end":{"line":87,"column":46}},"89":{"start":{"line":90,"column":0},"end":{"line":90,"column":10}},"90":{"start":{"line":91,"column":0},"end":{"line":91,"column":132}},"91":{"start":{"line":92,"column":0},"end":{"line":92,"column":68}},"93":{"start":{"line":94,"column":0},"end":{"line":94,"column":39}},"94":{"start":{"line":95,"column":0},"end":{"line":95,"column":117}},"95":{"start":{"line":96,"column":0},"end":{"line":96,"column":18}},"96":{"start":{"line":97,"column":0},"end":{"line":97,"column":29}},"97":{"start":{"line":98,"column":0},"end":{"line":98,"column":29}},"98":{"start":{"line":99,"column":0},"end":{"line":99,"column":18}},"99":{"start":{"line":100,"column":0},"end":{"line":100,"column":163}},"100":{"start":{"line":101,"column":0},"end":{"line":101,"column":38}},"101":{"start":{"line":102,"column":0},"end":{"line":102,"column":36}},"102":{"start":{"line":103,"column":0},"end":{"line":103,"column":58}},"103":{"start":{"line":104,"column":0},"end":{"line":104,"column":14}},"104":{"start":{"line":105,"column":0},"end":{"line":105,"column":16}},"105":{"start":{"line":106,"column":0},"end":{"line":106,"column":11}},"106":{"start":{"line":107,"column":0},"end":{"line":107,"column":12}},"109":{"start":{"line":110,"column":0},"end":{"line":110,"column":13}},"110":{"start":{"line":111,"column":0},"end":{"line":111,"column":21}},"111":{"start":{"line":112,"column":0},"end":{"line":112,"column":24}},"112":{"start":{"line":113,"column":0},"end":{"line":113,"column":30}},"113":{"start":{"line":114,"column":0},"end":{"line":114,"column":22}},"114":{"start":{"line":115,"column":0},"end":{"line":115,"column":10}},"115":{"start":{"line":116,"column":0},"end":{"line":116,"column":232}},"116":{"start":{"line":117,"column":0},"end":{"line":117,"column":37}},"118":{"start":{"line":119,"column":0},"end":{"line":119,"column":106}},"119":{"start":{"line":120,"column":0},"end":{"line":120,"column":99}},"120":{"start":{"line":121,"column":0},"end":{"line":121,"column":14}},"121":{"start":{"line":122,"column":0},"end":{"line":122,"column":15}},"123":{"start":{"line":124,"column":0},"end":{"line":124,"column":13}},"124":{"start":{"line":125,"column":0},"end":{"line":125,"column":21}},"125":{"start":{"line":126,"column":0},"end":{"line":126,"column":24}},"126":{"start":{"line":127,"column":0},"end":{"line":127,"column":30}},"127":{"start":{"line":128,"column":0},"end":{"line":128,"column":22}},"128":{"start":{"line":129,"column":0},"end":{"line":129,"column":10}},"129":{"start":{"line":130,"column":0},"end":{"line":130,"column":233}},"130":{"start":{"line":131,"column":0},"end":{"line":131,"column":35}},"132":{"start":{"line":133,"column":0},"end":{"line":133,"column":106}},"133":{"start":{"line":134,"column":0},"end":{"line":134,"column":96}},"134":{"start":{"line":135,"column":0},"end":{"line":135,"column":14}},"135":{"start":{"line":136,"column":0},"end":{"line":136,"column":15}},"138":{"start":{"line":139,"column":0},"end":{"line":139,"column":13}},"139":{"start":{"line":140,"column":0},"end":{"line":140,"column":21}},"140":{"start":{"line":141,"column":0},"end":{"line":141,"column":33}},"141":{"start":{"line":142,"column":0},"end":{"line":142,"column":217}},"142":{"start":{"line":143,"column":0},"end":{"line":143,"column":64}},"143":{"start":{"line":144,"column":0},"end":{"line":144,"column":32}},"145":{"start":{"line":146,"column":0},"end":{"line":146,"column":22}},"146":{"start":{"line":147,"column":0},"end":{"line":147,"column":108}},"147":{"start":{"line":148,"column":0},"end":{"line":148,"column":99}},"148":{"start":{"line":149,"column":0},"end":{"line":149,"column":16}},"150":{"start":{"line":151,"column":0},"end":{"line":151,"column":94}},"151":{"start":{"line":152,"column":0},"end":{"line":152,"column":38}},"152":{"start":{"line":153,"column":0},"end":{"line":153,"column":16}},"154":{"start":{"line":155,"column":0},"end":{"line":155,"column":15}},"157":{"start":{"line":158,"column":0},"end":{"line":158,"column":78}},"158":{"start":{"line":159,"column":0},"end":{"line":159,"column":41}},"159":{"start":{"line":160,"column":0},"end":{"line":160,"column":17}},"160":{"start":{"line":161,"column":0},"end":{"line":161,"column":21}},"161":{"start":{"line":162,"column":0},"end":{"line":162,"column":25}},"162":{"start":{"line":163,"column":0},"end":{"line":163,"column":44}},"163":{"start":{"line":164,"column":0},"end":{"line":164,"column":161}},"164":{"start":{"line":165,"column":0},"end":{"line":165,"column":83}},"165":{"start":{"line":166,"column":0},"end":{"line":166,"column":15}},"166":{"start":{"line":167,"column":0},"end":{"line":167,"column":55}},"167":{"start":{"line":168,"column":0},"end":{"line":168,"column":70}},"168":{"start":{"line":169,"column":0},"end":{"line":169,"column":12}},"169":{"start":{"line":170,"column":0},"end":{"line":170,"column":11}},"170":{"start":{"line":171,"column":0},"end":{"line":171,"column":12}},"171":{"start":{"line":172,"column":0},"end":{"line":172,"column":14}},"173":{"start":{"line":174,"column":0},"end":{"line":174,"column":2}},"175":{"start":{"line":176,"column":0},"end":{"line":176,"column":25}}},"s":{"2":1,"3":1,"5":1,"11":1,"12":6,"13":6,"14":6,"15":6,"17":6,"18":0,"19":6,"21":6,"22":0,"23":6,"25":6,"26":0,"27":6,"29":6,"30":0,"31":6,"33":6,"34":6,"35":6,"38":6,"39":0,"40":0,"41":6,"44":6,"45":11,"46":0,"47":0,"48":0,"50":11,"51":5,"52":5,"53":5,"54":6,"57":6,"59":6,"61":6,"62":6,"65":5,"66":0,"67":0,"68":5,"70":5,"71":5,"72":5,"73":6,"76":6,"77":6,"78":6,"80":6,"81":6,"82":6,"83":6,"84":6,"85":6,"86":6,"89":6,"90":6,"91":6,"93":6,"94":36,"95":36,"96":36,"97":36,"98":36,"99":36,"100":36,"101":36,"102":36,"103":36,"104":36,"105":6,"106":6,"109":6,"110":6,"111":6,"112":0,"113":0,"114":0,"115":6,"116":6,"118":6,"119":6,"120":6,"121":6,"123":6,"124":6,"125":6,"126":0,"127":0,"128":0,"129":6,"130":6,"132":6,"133":6,"134":6,"135":6,"138":6,"139":6,"140":6,"141":6,"142":6,"143":6,"145":6,"146":5,"147":5,"148":5,"150":1,"151":1,"152":1,"154":6,"157":6,"158":6,"159":36,"160":36,"161":36,"162":36,"163":36,"164":36,"165":36,"166":36,"167":36,"168":36,"169":6,"170":6,"171":6,"173":6,"175":1},"branchMap":{"0":{"type":"branch","line":12,"loc":{"start":{"line":12,"column":18},"end":{"line":174,"column":2}},"locations":[{"start":{"line":12,"column":18},"end":{"line":174,"column":2}}]},"1":{"type":"branch","line":87,"loc":{"start":{"line":87,"column":17},"end":{"line":87,"column":37}},"locations":[{"start":{"line":87,"column":17},"end":{"line":87,"column":37}}]},"2":{"type":"branch","line":87,"loc":{"start":{"line":87,"column":29},"end":{"line":87,"column":46}},"locations":[{"start":{"line":87,"column":29},"end":{"line":87,"column":46}}]},"3":{"type":"branch","line":143,"loc":{"start":{"line":143,"column":20},"end":{"line":143,"column":52}},"locations":[{"start":{"line":143,"column":20},"end":{"line":143,"column":52}}]},"4":{"type":"branch","line":143,"loc":{"start":{"line":143,"column":32},"end":{"line":143,"column":64}},"locations":[{"start":{"line":143,"column":32},"end":{"line":143,"column":64}}]},"5":{"type":"branch","line":146,"loc":{"start":{"line":146,"column":9},"end":{"line":149,"column":16}},"locations":[{"start":{"line":146,"column":9},"end":{"line":149,"column":16}}]},"6":{"type":"branch","line":149,"loc":{"start":{"line":149,"column":10},"end":{"line":153,"column":16}},"locations":[{"start":{"line":149,"column":10},"end":{"line":153,"column":16}}]},"7":{"type":"branch","line":34,"loc":{"start":{"line":34,"column":12},"end":{"line":36,"column":5}},"locations":[{"start":{"line":34,"column":12},"end":{"line":36,"column":5}}]},"8":{"type":"branch","line":45,"loc":{"start":{"line":45,"column":35},"end":{"line":55,"column":5}},"locations":[{"start":{"line":45,"column":35},"end":{"line":55,"column":5}}]},"9":{"type":"branch","line":46,"loc":{"start":{"line":46,"column":38},"end":{"line":49,"column":5}},"locations":[{"start":{"line":46,"column":38},"end":{"line":49,"column":5}}]},"10":{"type":"branch","line":51,"loc":{"start":{"line":51,"column":42},"end":{"line":54,"column":5}},"locations":[{"start":{"line":51,"column":42},"end":{"line":54,"column":5}}]},"11":{"type":"branch","line":58,"loc":{"start":{"line":58,"column":12},"end":{"line":74,"column":5}},"locations":[{"start":{"line":58,"column":12},"end":{"line":74,"column":5}}]},"12":{"type":"branch","line":63,"loc":{"start":{"line":63,"column":9},"end":{"line":63,"column":30}},"locations":[{"start":{"line":63,"column":9},"end":{"line":63,"column":30}}]},"13":{"type":"branch","line":63,"loc":{"start":{"line":63,"column":30},"end":{"line":63,"column":37}},"locations":[{"start":{"line":63,"column":30},"end":{"line":63,"column":37}}]},"14":{"type":"branch","line":63,"loc":{"start":{"line":63,"column":30},"end":{"line":73,"column":6}},"locations":[{"start":{"line":63,"column":30},"end":{"line":73,"column":6}}]},"15":{"type":"branch","line":71,"loc":{"start":{"line":71,"column":11},"end":{"line":73,"column":6}},"locations":[{"start":{"line":71,"column":11},"end":{"line":73,"column":6}}]},"16":{"type":"branch","line":77,"loc":{"start":{"line":77,"column":12},"end":{"line":79,"column":5}},"locations":[{"start":{"line":77,"column":12},"end":{"line":79,"column":5}}]},"17":{"type":"branch","line":94,"loc":{"start":{"line":94,"column":20},"end":{"line":105,"column":16}},"locations":[{"start":{"line":94,"column":20},"end":{"line":105,"column":16}}]},"18":{"type":"branch","line":103,"loc":{"start":{"line":103,"column":39},"end":{"line":103,"column":52}},"locations":[{"start":{"line":103,"column":39},"end":{"line":103,"column":52}}]},"19":{"type":"branch","line":103,"loc":{"start":{"line":103,"column":43},"end":{"line":103,"column":58}},"locations":[{"start":{"line":103,"column":43},"end":{"line":103,"column":58}}]},"20":{"type":"branch","line":159,"loc":{"start":{"line":159,"column":20},"end":{"line":169,"column":12}},"locations":[{"start":{"line":159,"column":20},"end":{"line":169,"column":12}}]},"21":{"type":"branch","line":165,"loc":{"start":{"line":165,"column":24},"end":{"line":165,"column":52}},"locations":[{"start":{"line":165,"column":24},"end":{"line":165,"column":52}}]},"22":{"type":"branch","line":165,"loc":{"start":{"line":165,"column":39},"end":{"line":165,"column":83}},"locations":[{"start":{"line":165,"column":39},"end":{"line":165,"column":83}}]},"23":{"type":"branch","line":168,"loc":{"start":{"line":168,"column":36},"end":{"line":168,"column":60}},"locations":[{"start":{"line":168,"column":36},"end":{"line":168,"column":60}}]},"24":{"type":"branch","line":168,"loc":{"start":{"line":168,"column":51},"end":{"line":168,"column":70}},"locations":[{"start":{"line":168,"column":51},"end":{"line":168,"column":70}}]}},"b":{"0":[6],"1":[5],"2":[1],"3":[5],"4":[1],"5":[5],"6":[1],"7":[6],"8":[11],"9":[0],"10":[5],"11":[6],"12":[5],"13":[1],"14":[5],"15":[5],"16":[6],"17":[36],"18":[6],"19":[30],"20":[36],"21":[6],"22":[30],"23":[6],"24":[30]},"fnMap":{"0":{"name":"Carrousel","decl":{"start":{"line":12,"column":18},"end":{"line":174,"column":2}},"loc":{"start":{"line":12,"column":18},"end":{"line":174,"column":2}},"line":12},"1":{"name":"onClick","decl":{"start":{"line":112,"column":17},"end":{"line":115,"column":10}},"loc":{"start":{"line":112,"column":17},"end":{"line":115,"column":10}},"line":112},"2":{"name":"onClick","decl":{"start":{"line":126,"column":17},"end":{"line":129,"column":10}},"loc":{"start":{"line":126,"column":17},"end":{"line":129,"column":10}},"line":126},"3":{"name":"onClick","decl":{"start":{"line":163,"column":21},"end":{"line":163,"column":44}},"loc":{"start":{"line":163,"column":21},"end":{"line":163,"column":44}},"line":163}},"f":{"0":6,"1":0,"2":0,"3":0}},"/Users/matthieu/Development/cpmb/components/Concert.tsx":{"path":"/Users/matthieu/Development/cpmb/components/Concert.tsx","all":false,"statementMap":{"0":{"start":{"line":1,"column":0},"end":{"line":1,"column":31}},"1":{"start":{"line":2,"column":0},"end":{"line":2,"column":29}},"3":{"start":{"line":4,"column":0},"end":{"line":4,"column":55}},"4":{"start":{"line":5,"column":0},"end":{"line":5,"column":55}},"5":{"start":{"line":6,"column":0},"end":{"line":6,"column":40}},"6":{"start":{"line":7,"column":0},"end":{"line":7,"column":58}},"7":{"start":{"line":8,"column":0},"end":{"line":8,"column":50}},"9":{"start":{"line":10,"column":0},"end":{"line":10,"column":32}},"19":{"start":{"line":20,"column":0},"end":{"line":20,"column":88}},"20":{"start":{"line":21,"column":0},"end":{"line":21,"column":10}},"21":{"start":{"line":22,"column":0},"end":{"line":22,"column":127}},"22":{"start":{"line":23,"column":0},"end":{"line":23,"column":12}},"23":{"start":{"line":24,"column":0},"end":{"line":24,"column":19}},"24":{"start":{"line":25,"column":0},"end":{"line":25,"column":33}},"25":{"start":{"line":26,"column":0},"end":{"line":26,"column":20}},"26":{"start":{"line":27,"column":0},"end":{"line":27,"column":19}},"27":{"start":{"line":28,"column":0},"end":{"line":28,"column":81}},"28":{"start":{"line":29,"column":0},"end":{"line":29,"column":8}},"29":{"start":{"line":30,"column":0},"end":{"line":30,"column":27}},"30":{"start":{"line":31,"column":0},"end":{"line":31,"column":40}},"31":{"start":{"line":32,"column":0},"end":{"line":32,"column":17}},"32":{"start":{"line":33,"column":0},"end":{"line":33,"column":18}},"33":{"start":{"line":34,"column":0},"end":{"line":34,"column":74}},"34":{"start":{"line":35,"column":0},"end":{"line":35,"column":47}},"35":{"start":{"line":36,"column":0},"end":{"line":36,"column":63}},"36":{"start":{"line":37,"column":0},"end":{"line":37,"column":12}},"37":{"start":{"line":38,"column":0},"end":{"line":38,"column":69}},"38":{"start":{"line":39,"column":0},"end":{"line":39,"column":58}},"39":{"start":{"line":40,"column":0},"end":{"line":40,"column":12}},"40":{"start":{"line":41,"column":0},"end":{"line":41,"column":12}},"41":{"start":{"line":42,"column":0},"end":{"line":42,"column":93}},"42":{"start":{"line":43,"column":0},"end":{"line":43,"column":76}},"43":{"start":{"line":44,"column":0},"end":{"line":44,"column":13}},"44":{"start":{"line":45,"column":0},"end":{"line":45,"column":40}},"45":{"start":{"line":46,"column":0},"end":{"line":46,"column":84}},"46":{"start":{"line":47,"column":0},"end":{"line":47,"column":68}},"47":{"start":{"line":48,"column":0},"end":{"line":48,"column":60}},"48":{"start":{"line":49,"column":0},"end":{"line":49,"column":13}},"49":{"start":{"line":50,"column":0},"end":{"line":50,"column":9}},"51":{"start":{"line":52,"column":0},"end":{"line":52,"column":15}},"52":{"start":{"line":53,"column":0},"end":{"line":53,"column":10}},"53":{"start":{"line":54,"column":0},"end":{"line":54,"column":10}},"55":{"start":{"line":56,"column":0},"end":{"line":56,"column":2}},"57":{"start":{"line":58,"column":0},"end":{"line":58,"column":23}}},"s":{"0":1,"1":1,"3":1,"4":1,"5":1,"6":1,"7":1,"9":1,"19":1,"20":10,"21":10,"22":10,"23":10,"24":10,"25":10,"26":10,"27":10,"28":10,"29":10,"30":10,"31":10,"32":10,"33":10,"34":10,"35":10,"36":10,"37":10,"38":10,"39":10,"40":10,"41":10,"42":10,"43":10,"44":10,"45":10,"46":10,"47":10,"48":10,"49":10,"51":10,"52":10,"53":10,"55":10,"57":1},"branchMap":{"0":{"type":"branch","line":20,"loc":{"start":{"line":20,"column":16},"end":{"line":56,"column":2}},"locations":[{"start":{"line":20,"column":16},"end":{"line":56,"column":2}}]},"1":{"type":"branch","line":43,"loc":{"start":{"line":43,"column":9},"end":{"line":43,"column":71}},"locations":[{"start":{"line":43,"column":9},"end":{"line":43,"column":71}}]},"2":{"type":"branch","line":43,"loc":{"start":{"line":43,"column":65},"end":{"line":43,"column":76}},"locations":[{"start":{"line":43,"column":65},"end":{"line":43,"column":76}}]},"3":{"type":"branch","line":47,"loc":{"start":{"line":47,"column":28},"end":{"line":47,"column":68}},"locations":[{"start":{"line":47,"column":28},"end":{"line":47,"column":68}}]},"4":{"type":"branch","line":48,"loc":{"start":{"line":48,"column":19},"end":{"line":48,"column":60}},"locations":[{"start":{"line":48,"column":19},"end":{"line":48,"column":60}}]},"5":{"type":"branch","line":36,"loc":{"start":{"line":36,"column":20},"end":{"line":36,"column":50}},"locations":[{"start":{"line":36,"column":20},"end":{"line":36,"column":50}}]}},"b":{"0":[10],"1":[9],"2":[1],"3":[9],"4":[9],"5":[11]},"fnMap":{"0":{"name":"Concert","decl":{"start":{"line":20,"column":16},"end":{"line":56,"column":2}},"loc":{"start":{"line":20,"column":16},"end":{"line":56,"column":2}},"line":20}},"f":{"0":10}},"/Users/matthieu/Development/cpmb/components/Footer.tsx":{"path":"/Users/matthieu/Development/cpmb/components/Footer.tsx","all":false,"statementMap":{"0":{"start":{"line":1,"column":0},"end":{"line":1,"column":31}},"1":{"start":{"line":2,"column":0},"end":{"line":2,"column":29}},"3":{"start":{"line":4,"column":0},"end":{"line":4,"column":53}},"4":{"start":{"line":5,"column":0},"end":{"line":5,"column":43}},"6":{"start":{"line":7,"column":0},"end":{"line":7,"column":22}},"7":{"start":{"line":8,"column":0},"end":{"line":8,"column":43}},"9":{"start":{"line":10,"column":0},"end":{"line":10,"column":10}},"10":{"start":{"line":11,"column":0},"end":{"line":11,"column":34}},"11":{"start":{"line":12,"column":0},"end":{"line":12,"column":101}},"12":{"start":{"line":13,"column":0},"end":{"line":13,"column":10}},"13":{"start":{"line":14,"column":0},"end":{"line":14,"column":45}},"14":{"start":{"line":15,"column":0},"end":{"line":15,"column":72}},"15":{"start":{"line":16,"column":0},"end":{"line":16,"column":25}},"16":{"start":{"line":17,"column":0},"end":{"line":17,"column":35}},"17":{"start":{"line":18,"column":0},"end":{"line":18,"column":31}},"19":{"start":{"line":20,"column":0},"end":{"line":20,"column":16}},"20":{"start":{"line":21,"column":0},"end":{"line":21,"column":40}},"21":{"start":{"line":22,"column":0},"end":{"line":22,"column":34}},"22":{"start":{"line":23,"column":0},"end":{"line":23,"column":23}},"23":{"start":{"line":24,"column":0},"end":{"line":24,"column":24}},"24":{"start":{"line":25,"column":0},"end":{"line":25,"column":25}},"25":{"start":{"line":26,"column":0},"end":{"line":26,"column":37}},"26":{"start":{"line":27,"column":0},"end":{"line":27,"column":12}},"27":{"start":{"line":28,"column":0},"end":{"line":28,"column":12}},"28":{"start":{"line":29,"column":0},"end":{"line":29,"column":10}},"29":{"start":{"line":30,"column":0},"end":{"line":30,"column":41}},"30":{"start":{"line":31,"column":0},"end":{"line":31,"column":81}},"31":{"start":{"line":32,"column":0},"end":{"line":32,"column":25}},"32":{"start":{"line":33,"column":0},"end":{"line":33,"column":35}},"33":{"start":{"line":34,"column":0},"end":{"line":34,"column":31}},"35":{"start":{"line":36,"column":0},"end":{"line":36,"column":16}},"36":{"start":{"line":37,"column":0},"end":{"line":37,"column":36}},"37":{"start":{"line":38,"column":0},"end":{"line":38,"column":40}},"38":{"start":{"line":39,"column":0},"end":{"line":39,"column":23}},"39":{"start":{"line":40,"column":0},"end":{"line":40,"column":24}},"40":{"start":{"line":41,"column":0},"end":{"line":41,"column":25}},"41":{"start":{"line":42,"column":0},"end":{"line":42,"column":37}},"42":{"start":{"line":43,"column":0},"end":{"line":43,"column":12}},"43":{"start":{"line":44,"column":0},"end":{"line":44,"column":12}},"44":{"start":{"line":45,"column":0},"end":{"line":45,"column":10}},"45":{"start":{"line":46,"column":0},"end":{"line":46,"column":44}},"46":{"start":{"line":47,"column":0},"end":{"line":47,"column":91}},"47":{"start":{"line":48,"column":0},"end":{"line":48,"column":25}},"48":{"start":{"line":49,"column":0},"end":{"line":49,"column":35}},"49":{"start":{"line":50,"column":0},"end":{"line":50,"column":31}},"51":{"start":{"line":52,"column":0},"end":{"line":52,"column":16}},"52":{"start":{"line":53,"column":0},"end":{"line":53,"column":35}},"53":{"start":{"line":54,"column":0},"end":{"line":54,"column":35}},"54":{"start":{"line":55,"column":0},"end":{"line":55,"column":22}},"55":{"start":{"line":56,"column":0},"end":{"line":56,"column":23}},"56":{"start":{"line":57,"column":0},"end":{"line":57,"column":24}},"57":{"start":{"line":58,"column":0},"end":{"line":58,"column":37}},"58":{"start":{"line":59,"column":0},"end":{"line":59,"column":12}},"59":{"start":{"line":60,"column":0},"end":{"line":60,"column":12}},"60":{"start":{"line":61,"column":0},"end":{"line":61,"column":16}},"61":{"start":{"line":62,"column":0},"end":{"line":62,"column":40}},"62":{"start":{"line":63,"column":0},"end":{"line":63,"column":102}},"63":{"start":{"line":64,"column":0},"end":{"line":64,"column":15}},"64":{"start":{"line":65,"column":0},"end":{"line":65,"column":18}},"65":{"start":{"line":66,"column":0},"end":{"line":66,"column":40}},"66":{"start":{"line":67,"column":0},"end":{"line":67,"column":53}},"67":{"start":{"line":68,"column":0},"end":{"line":68,"column":41}},"68":{"start":{"line":69,"column":0},"end":{"line":69,"column":27}},"69":{"start":{"line":70,"column":0},"end":{"line":70,"column":25}},"70":{"start":{"line":71,"column":0},"end":{"line":71,"column":25}},"71":{"start":{"line":72,"column":0},"end":{"line":72,"column":14}},"72":{"start":{"line":73,"column":0},"end":{"line":73,"column":118}},"73":{"start":{"line":74,"column":0},"end":{"line":74,"column":16}},"74":{"start":{"line":75,"column":0},"end":{"line":75,"column":19}},"75":{"start":{"line":76,"column":0},"end":{"line":76,"column":72}},"77":{"start":{"line":78,"column":0},"end":{"line":78,"column":22}},"78":{"start":{"line":79,"column":0},"end":{"line":79,"column":60}},"79":{"start":{"line":80,"column":0},"end":{"line":80,"column":18}},"80":{"start":{"line":81,"column":0},"end":{"line":81,"column":18}},"81":{"start":{"line":82,"column":0},"end":{"line":82,"column":53}},"82":{"start":{"line":83,"column":0},"end":{"line":83,"column":80}},"83":{"start":{"line":84,"column":0},"end":{"line":84,"column":89}},"84":{"start":{"line":85,"column":0},"end":{"line":85,"column":33}},"85":{"start":{"line":86,"column":0},"end":{"line":86,"column":43}},"86":{"start":{"line":87,"column":0},"end":{"line":87,"column":17}},"88":{"start":{"line":89,"column":0},"end":{"line":89,"column":20}},"89":{"start":{"line":90,"column":0},"end":{"line":90,"column":19}},"90":{"start":{"line":91,"column":0},"end":{"line":91,"column":18}},"91":{"start":{"line":92,"column":0},"end":{"line":92,"column":18}},"92":{"start":{"line":93,"column":0},"end":{"line":93,"column":49}},"93":{"start":{"line":94,"column":0},"end":{"line":94,"column":89}},"94":{"start":{"line":95,"column":0},"end":{"line":95,"column":89}},"95":{"start":{"line":96,"column":0},"end":{"line":96,"column":33}},"96":{"start":{"line":97,"column":0},"end":{"line":97,"column":43}},"97":{"start":{"line":98,"column":0},"end":{"line":98,"column":17}},"99":{"start":{"line":100,"column":0},"end":{"line":100,"column":20}},"100":{"start":{"line":101,"column":0},"end":{"line":101,"column":19}},"101":{"start":{"line":102,"column":0},"end":{"line":102,"column":18}},"102":{"start":{"line":103,"column":0},"end":{"line":103,"column":18}},"103":{"start":{"line":104,"column":0},"end":{"line":104,"column":52}},"104":{"start":{"line":105,"column":0},"end":{"line":105,"column":99}},"105":{"start":{"line":106,"column":0},"end":{"line":106,"column":89}},"106":{"start":{"line":107,"column":0},"end":{"line":107,"column":33}},"107":{"start":{"line":108,"column":0},"end":{"line":108,"column":43}},"108":{"start":{"line":109,"column":0},"end":{"line":109,"column":17}},"110":{"start":{"line":111,"column":0},"end":{"line":111,"column":20}},"111":{"start":{"line":112,"column":0},"end":{"line":112,"column":19}},"112":{"start":{"line":113,"column":0},"end":{"line":113,"column":17}},"113":{"start":{"line":114,"column":0},"end":{"line":114,"column":20}},"114":{"start":{"line":115,"column":0},"end":{"line":115,"column":19}},"115":{"start":{"line":116,"column":0},"end":{"line":116,"column":72}},"117":{"start":{"line":118,"column":0},"end":{"line":118,"column":22}},"118":{"start":{"line":119,"column":0},"end":{"line":119,"column":60}},"119":{"start":{"line":120,"column":0},"end":{"line":120,"column":18}},"120":{"start":{"line":121,"column":0},"end":{"line":121,"column":103}},"122":{"start":{"line":123,"column":0},"end":{"line":123,"column":23}},"123":{"start":{"line":124,"column":0},"end":{"line":124,"column":19}},"124":{"start":{"line":125,"column":0},"end":{"line":125,"column":18}},"125":{"start":{"line":126,"column":0},"end":{"line":126,"column":115}},"127":{"start":{"line":128,"column":0},"end":{"line":128,"column":23}},"128":{"start":{"line":129,"column":0},"end":{"line":129,"column":19}},"129":{"start":{"line":130,"column":0},"end":{"line":130,"column":18}},"130":{"start":{"line":131,"column":0},"end":{"line":131,"column":115}},"132":{"start":{"line":133,"column":0},"end":{"line":133,"column":23}},"133":{"start":{"line":134,"column":0},"end":{"line":134,"column":19}},"134":{"start":{"line":135,"column":0},"end":{"line":135,"column":18}},"135":{"start":{"line":136,"column":0},"end":{"line":136,"column":109}},"137":{"start":{"line":138,"column":0},"end":{"line":138,"column":23}},"138":{"start":{"line":139,"column":0},"end":{"line":139,"column":19}},"139":{"start":{"line":140,"column":0},"end":{"line":140,"column":18}},"140":{"start":{"line":141,"column":0},"end":{"line":141,"column":119}},"142":{"start":{"line":143,"column":0},"end":{"line":143,"column":23}},"143":{"start":{"line":144,"column":0},"end":{"line":144,"column":19}},"144":{"start":{"line":145,"column":0},"end":{"line":145,"column":17}},"145":{"start":{"line":146,"column":0},"end":{"line":146,"column":20}},"146":{"start":{"line":147,"column":0},"end":{"line":147,"column":19}},"147":{"start":{"line":148,"column":0},"end":{"line":148,"column":72}},"149":{"start":{"line":150,"column":0},"end":{"line":150,"column":22}},"150":{"start":{"line":151,"column":0},"end":{"line":151,"column":60}},"151":{"start":{"line":152,"column":0},"end":{"line":152,"column":47}},"152":{"start":{"line":153,"column":0},"end":{"line":153,"column":36}},"153":{"start":{"line":154,"column":0},"end":{"line":154,"column":23}},"154":{"start":{"line":155,"column":0},"end":{"line":155,"column":55}},"155":{"start":{"line":156,"column":0},"end":{"line":156,"column":91}},"157":{"start":{"line":158,"column":0},"end":{"line":158,"column":69}},"158":{"start":{"line":159,"column":0},"end":{"line":159,"column":25}},"159":{"start":{"line":160,"column":0},"end":{"line":160,"column":21}},"160":{"start":{"line":161,"column":0},"end":{"line":161,"column":17}},"161":{"start":{"line":162,"column":0},"end":{"line":162,"column":17}},"162":{"start":{"line":163,"column":0},"end":{"line":163,"column":20}},"163":{"start":{"line":164,"column":0},"end":{"line":164,"column":14}},"164":{"start":{"line":165,"column":0},"end":{"line":165,"column":105}},"165":{"start":{"line":166,"column":0},"end":{"line":166,"column":115}},"167":{"start":{"line":168,"column":0},"end":{"line":168,"column":12}},"168":{"start":{"line":169,"column":0},"end":{"line":169,"column":46}},"169":{"start":{"line":170,"column":0},"end":{"line":170,"column":27}},"170":{"start":{"line":171,"column":0},"end":{"line":171,"column":37}},"171":{"start":{"line":172,"column":0},"end":{"line":172,"column":72}},"172":{"start":{"line":173,"column":0},"end":{"line":173,"column":241}},"173":{"start":{"line":174,"column":0},"end":{"line":174,"column":11}},"175":{"start":{"line":176,"column":0},"end":{"line":176,"column":14}},"176":{"start":{"line":177,"column":0},"end":{"line":177,"column":12}},"177":{"start":{"line":178,"column":0},"end":{"line":178,"column":12}},"178":{"start":{"line":179,"column":0},"end":{"line":179,"column":13}},"180":{"start":{"line":181,"column":0},"end":{"line":181,"column":2}},"182":{"start":{"line":183,"column":0},"end":{"line":183,"column":22}}},"s":{"0":1,"1":1,"3":1,"4":1,"6":1,"7":1,"9":1,"10":1,"11":1,"12":1,"13":1,"14":1,"15":1,"16":1,"17":1,"19":1,"20":1,"21":1,"22":1,"23":1,"24":1,"25":1,"26":1,"27":1,"28":1,"29":1,"30":1,"31":1,"32":1,"33":1,"35":1,"36":1,"37":1,"38":1,"39":1,"40":1,"41":1,"42":1,"43":1,"44":1,"45":1,"46":1,"47":1,"48":1,"49":1,"51":1,"52":1,"53":1,"54":1,"55":1,"56":1,"57":1,"58":1,"59":1,"60":1,"61":1,"62":1,"63":1,"64":1,"65":1,"66":1,"67":1,"68":1,"69":1,"70":1,"71":1,"72":1,"73":1,"74":1,"75":1,"77":1,"78":1,"79":1,"80":1,"81":1,"82":1,"83":1,"84":1,"85":1,"86":1,"88":1,"89":1,"90":1,"91":1,"92":1,"93":1,"94":1,"95":1,"96":1,"97":1,"99":1,"100":1,"101":1,"102":1,"103":1,"104":1,"105":1,"106":1,"107":1,"108":1,"110":1,"111":1,"112":1,"113":1,"114":1,"115":1,"117":1,"118":1,"119":1,"120":1,"122":1,"123":1,"124":1,"125":1,"127":1,"128":1,"129":1,"130":1,"132":1,"133":1,"134":1,"135":1,"137":1,"138":1,"139":1,"140":1,"142":1,"143":1,"144":1,"145":1,"146":1,"147":1,"149":1,"150":1,"151":1,"152":3,"153":3,"154":3,"155":3,"157":3,"158":3,"159":3,"160":1,"161":1,"162":1,"163":1,"164":1,"165":1,"167":1,"168":1,"169":1,"170":1,"171":1,"172":1,"173":1,"175":1,"176":1,"177":1,"178":1,"180":1,"182":1},"branchMap":{"0":{"type":"branch","line":7,"loc":{"start":{"line":7,"column":15},"end":{"line":181,"column":2}},"locations":[{"start":{"line":7,"column":15},"end":{"line":181,"column":2}}]},"1":{"type":"branch","line":152,"loc":{"start":{"line":152,"column":31},"end":{"line":160,"column":21}},"locations":[{"start":{"line":152,"column":31},"end":{"line":160,"column":21}}]}},"b":{"0":[1],"1":[3]},"fnMap":{"0":{"name":"Footer","decl":{"start":{"line":7,"column":15},"end":{"line":181,"column":2}},"loc":{"start":{"line":7,"column":15},"end":{"line":181,"column":2}},"line":7}},"f":{"0":1}},"/Users/matthieu/Development/cpmb/components/Header.tsx":{"path":"/Users/matthieu/Development/cpmb/components/Header.tsx","all":false,"statementMap":{"0":{"start":{"line":1,"column":0},"end":{"line":1,"column":29}},"2":{"start":{"line":3,"column":0},"end":{"line":3,"column":54}},"4":{"start":{"line":5,"column":0},"end":{"line":5,"column":22}},"5":{"start":{"line":6,"column":0},"end":{"line":6,"column":118}},"6":{"start":{"line":7,"column":0},"end":{"line":7,"column":9}},"7":{"start":{"line":8,"column":0},"end":{"line":8,"column":14}},"8":{"start":{"line":9,"column":0},"end":{"line":9,"column":126}},"10":{"start":{"line":11,"column":0},"end":{"line":11,"column":64}},"12":{"start":{"line":13,"column":0},"end":{"line":13,"column":11}},"13":{"start":{"line":14,"column":0},"end":{"line":14,"column":11}},"15":{"start":{"line":16,"column":0},"end":{"line":16,"column":22}}},"s":{"0":1,"2":1,"4":1,"5":3,"6":3,"7":3,"8":3,"10":3,"12":3,"13":3,"15":1},"branchMap":{"0":{"type":"branch","line":5,"loc":{"start":{"line":5,"column":15},"end":{"line":14,"column":11}},"locations":[{"start":{"line":5,"column":15},"end":{"line":14,"column":11}}]}},"b":{"0":[3]},"fnMap":{"0":{"name":"Header","decl":{"start":{"line":5,"column":15},"end":{"line":14,"column":11}},"loc":{"start":{"line":5,"column":15},"end":{"line":14,"column":11}},"line":5}},"f":{"0":3}},"/Users/matthieu/Development/cpmb/components/Heading.tsx":{"path":"/Users/matthieu/Development/cpmb/components/Heading.tsx","all":false,"statementMap":{"0":{"start":{"line":1,"column":0},"end":{"line":1,"column":66}},"3":{"start":{"line":4,"column":0},"end":{"line":4,"column":40}},"5":{"start":{"line":6,"column":0},"end":{"line":6,"column":57}},"6":{"start":{"line":7,"column":0},"end":{"line":7,"column":13}},"7":{"start":{"line":8,"column":0},"end":{"line":8,"column":14}},"8":{"start":{"line":9,"column":0},"end":{"line":9,"column":12}},"9":{"start":{"line":10,"column":0},"end":{"line":10,"column":32}},"10":{"start":{"line":11,"column":0},"end":{"line":11,"column":43}},"11":{"start":{"line":12,"column":0},"end":{"line":12,"column":19}},"12":{"start":{"line":13,"column":0},"end":{"line":13,"column":6}},"13":{"start":{"line":14,"column":0},"end":{"line":14,"column":4}},"14":{"start":{"line":15,"column":0},"end":{"line":15,"column":20}},"15":{"start":{"line":16,"column":0},"end":{"line":16,"column":15}},"16":{"start":{"line":17,"column":0},"end":{"line":17,"column":4}},"17":{"start":{"line":18,"column":0},"end":{"line":18,"column":3}},"26":{"start":{"line":27,"column":0},"end":{"line":27,"column":91}},"27":{"start":{"line":28,"column":0},"end":{"line":28,"column":46}},"28":{"start":{"line":29,"column":0},"end":{"line":29,"column":24}},"29":{"start":{"line":30,"column":0},"end":{"line":30,"column":59}},"30":{"start":{"line":31,"column":0},"end":{"line":31,"column":17}},"31":{"start":{"line":32,"column":0},"end":{"line":32,"column":4}},"33":{"start":{"line":34,"column":0},"end":{"line":34,"column":25}},"34":{"start":{"line":35,"column":0},"end":{"line":35,"column":11}},"35":{"start":{"line":36,"column":0},"end":{"line":36,"column":51}},"36":{"start":{"line":37,"column":0},"end":{"line":37,"column":11}},"37":{"start":{"line":38,"column":0},"end":{"line":38,"column":51}},"38":{"start":{"line":39,"column":0},"end":{"line":39,"column":11}},"39":{"start":{"line":40,"column":0},"end":{"line":40,"column":51}},"40":{"start":{"line":41,"column":0},"end":{"line":41,"column":11}},"41":{"start":{"line":42,"column":0},"end":{"line":42,"column":51}},"42":{"start":{"line":43,"column":0},"end":{"line":43,"column":11}},"43":{"start":{"line":44,"column":0},"end":{"line":44,"column":51}},"44":{"start":{"line":45,"column":0},"end":{"line":45,"column":11}},"45":{"start":{"line":46,"column":0},"end":{"line":46,"column":51}},"46":{"start":{"line":47,"column":0},"end":{"line":47,"column":12}},"47":{"start":{"line":48,"column":0},"end":{"line":48,"column":51}},"48":{"start":{"line":49,"column":0},"end":{"line":49,"column":3}},"49":{"start":{"line":50,"column":0},"end":{"line":50,"column":2}},"51":{"start":{"line":52,"column":0},"end":{"line":52,"column":23}}},"s":{"0":1,"3":1,"5":1,"6":1,"7":1,"8":1,"9":1,"10":1,"11":1,"12":1,"13":1,"14":1,"15":1,"16":1,"17":1,"26":1,"27":53,"28":53,"29":53,"30":53,"31":53,"33":53,"34":53,"35":27,"36":53,"37":4,"38":53,"39":14,"40":53,"41":4,"42":53,"43":2,"44":53,"45":1,"46":53,"47":1,"48":53,"49":53,"51":1},"branchMap":{"0":{"type":"branch","line":27,"loc":{"start":{"line":27,"column":16},"end":{"line":50,"column":2}},"locations":[{"start":{"line":27,"column":16},"end":{"line":50,"column":2}}]},"1":{"type":"branch","line":28,"loc":{"start":{"line":28,"column":23},"end":{"line":28,"column":44}},"locations":[{"start":{"line":28,"column":23},"end":{"line":28,"column":44}}]},"2":{"type":"branch","line":28,"loc":{"start":{"line":28,"column":33},"end":{"line":28,"column":46}},"locations":[{"start":{"line":28,"column":33},"end":{"line":28,"column":46}}]},"3":{"type":"branch","line":35,"loc":{"start":{"line":35,"column":4},"end":{"line":36,"column":51}},"locations":[{"start":{"line":35,"column":4},"end":{"line":36,"column":51}}]},"4":{"type":"branch","line":37,"loc":{"start":{"line":37,"column":4},"end":{"line":38,"column":51}},"locations":[{"start":{"line":37,"column":4},"end":{"line":38,"column":51}}]},"5":{"type":"branch","line":39,"loc":{"start":{"line":39,"column":4},"end":{"line":40,"column":51}},"locations":[{"start":{"line":39,"column":4},"end":{"line":40,"column":51}}]},"6":{"type":"branch","line":41,"loc":{"start":{"line":41,"column":4},"end":{"line":42,"column":51}},"locations":[{"start":{"line":41,"column":4},"end":{"line":42,"column":51}}]},"7":{"type":"branch","line":43,"loc":{"start":{"line":43,"column":4},"end":{"line":44,"column":51}},"locations":[{"start":{"line":43,"column":4},"end":{"line":44,"column":51}}]},"8":{"type":"branch","line":45,"loc":{"start":{"line":45,"column":4},"end":{"line":46,"column":51}},"locations":[{"start":{"line":45,"column":4},"end":{"line":46,"column":51}}]},"9":{"type":"branch","line":47,"loc":{"start":{"line":47,"column":4},"end":{"line":48,"column":51}},"locations":[{"start":{"line":47,"column":4},"end":{"line":48,"column":51}}]}},"b":{"0":[53],"1":[11],"2":[10],"3":[27],"4":[4],"5":[14],"6":[4],"7":[2],"8":[1],"9":[1]},"fnMap":{"0":{"name":"Heading","decl":{"start":{"line":27,"column":16},"end":{"line":50,"column":2}},"loc":{"start":{"line":27,"column":16},"end":{"line":50,"column":2}},"line":27}},"f":{"0":53}},"/Users/matthieu/Development/cpmb/components/ScrollToTop.tsx":{"path":"/Users/matthieu/Development/cpmb/components/ScrollToTop.tsx","all":false,"statementMap":{"2":{"start":{"line":3,"column":0},"end":{"line":3,"column":34}},"4":{"start":{"line":5,"column":0},"end":{"line":5,"column":39}},"5":{"start":{"line":6,"column":0},"end":{"line":6,"column":19}},"6":{"start":{"line":7,"column":0},"end":{"line":7,"column":26}},"7":{"start":{"line":8,"column":0},"end":{"line":8,"column":9}},"9":{"start":{"line":10,"column":0},"end":{"line":10,"column":14}},"10":{"start":{"line":11,"column":0},"end":{"line":11,"column":1}}},"s":{"2":1,"4":8,"5":8,"6":7,"7":8,"9":8,"10":8},"branchMap":{"0":{"type":"branch","line":5,"loc":{"start":{"line":5,"column":0},"end":{"line":11,"column":1}},"locations":[{"start":{"line":5,"column":0},"end":{"line":11,"column":1}}]},"1":{"type":"branch","line":6,"loc":{"start":{"line":6,"column":12},"end":{"line":8,"column":5}},"locations":[{"start":{"line":6,"column":12},"end":{"line":8,"column":5}}]}},"b":{"0":[8],"1":[7]},"fnMap":{"0":{"name":"ScrollToTop","decl":{"start":{"line":5,"column":0},"end":{"line":11,"column":1}},"loc":{"start":{"line":5,"column":0},"end":{"line":11,"column":1}},"line":5}},"f":{"0":8}},"/Users/matthieu/Development/cpmb/utils/classnames.ts":{"path":"/Users/matthieu/Development/cpmb/utils/classnames.ts","all":false,"statementMap":{"0":{"start":{"line":1,"column":0},"end":{"line":1,"column":45}},"1":{"start":{"line":2,"column":0},"end":{"line":2,"column":41}},"3":{"start":{"line":4,"column":0},"end":{"line":4,"column":48}},"4":{"start":{"line":5,"column":0},"end":{"line":5,"column":34}},"5":{"start":{"line":6,"column":0},"end":{"line":6,"column":2}}},"s":{"0":1,"1":1,"3":1,"4":119,"5":119},"branchMap":{"0":{"type":"branch","line":4,"loc":{"start":{"line":4,"column":18},"end":{"line":6,"column":2}},"locations":[{"start":{"line":4,"column":18},"end":{"line":6,"column":2}}]}},"b":{"0":[119]},"fnMap":{"0":{"name":"cn","decl":{"start":{"line":4,"column":18},"end":{"line":6,"column":2}},"loc":{"start":{"line":4,"column":18},"end":{"line":6,"column":2}},"line":4}},"f":{"0":119}},"/Users/matthieu/Development/cpmb/utils/formatDate.ts":{"path":"/Users/matthieu/Development/cpmb/utils/formatDate.ts","all":false,"statementMap":{"8":{"start":{"line":9,"column":0},"end":{"line":9,"column":98}},"9":{"start":{"line":10,"column":0},"end":{"line":10,"column":28}},"10":{"start":{"line":11,"column":0},"end":{"line":11,"column":55}},"11":{"start":{"line":12,"column":0},"end":{"line":12,"column":32}},"12":{"start":{"line":13,"column":0},"end":{"line":13,"column":43}},"15":{"start":{"line":16,"column":0},"end":{"line":16,"column":42}},"18":{"start":{"line":19,"column":0},"end":{"line":19,"column":48}},"19":{"start":{"line":20,"column":0},"end":{"line":20,"column":13}},"20":{"start":{"line":21,"column":0},"end":{"line":21,"column":19}},"21":{"start":{"line":22,"column":0},"end":{"line":22,"column":18}},"22":{"start":{"line":23,"column":0},"end":{"line":23,"column":20}},"23":{"start":{"line":24,"column":0},"end":{"line":24,"column":5}},"24":{"start":{"line":25,"column":0},"end":{"line":25,"column":37}},"25":{"start":{"line":26,"column":0},"end":{"line":26,"column":63}},"26":{"start":{"line":27,"column":0},"end":{"line":27,"column":67}},"27":{"start":{"line":28,"column":0},"end":{"line":28,"column":65}},"30":{"start":{"line":31,"column":0},"end":{"line":31,"column":17}},"31":{"start":{"line":32,"column":0},"end":{"line":32,"column":45}},"32":{"start":{"line":33,"column":0},"end":{"line":33,"column":3}},"35":{"start":{"line":36,"column":0},"end":{"line":36,"column":49}},"36":{"start":{"line":37,"column":0},"end":{"line":37,"column":13}},"37":{"start":{"line":38,"column":0},"end":{"line":38,"column":20}},"38":{"start":{"line":39,"column":0},"end":{"line":39,"column":22}},"39":{"start":{"line":40,"column":0},"end":{"line":40,"column":18}},"40":{"start":{"line":41,"column":0},"end":{"line":41,"column":4}},"41":{"start":{"line":42,"column":0},"end":{"line":42,"column":14}},"42":{"start":{"line":43,"column":0},"end":{"line":43,"column":68}},"43":{"start":{"line":44,"column":0},"end":{"line":44,"column":40}},"45":{"start":{"line":46,"column":0},"end":{"line":46,"column":53}},"46":{"start":{"line":47,"column":0},"end":{"line":47,"column":1}},"48":{"start":{"line":49,"column":0},"end":{"line":49,"column":36}}},"s":{"8":1,"9":25,"10":25,"11":25,"12":25,"15":23,"18":23,"19":23,"20":23,"21":23,"22":23,"23":23,"24":23,"25":25,"26":25,"27":25,"30":25,"31":4,"32":4,"35":19,"36":19,"37":19,"38":19,"39":19,"40":19,"41":19,"42":19,"43":19,"45":19,"46":19,"48":1},"branchMap":{"0":{"type":"branch","line":9,"loc":{"start":{"line":9,"column":7},"end":{"line":47,"column":1}},"locations":[{"start":{"line":9,"column":7},"end":{"line":47,"column":1}}]},"1":{"type":"branch","line":10,"loc":{"start":{"line":10,"column":18},"end":{"line":10,"column":28}},"locations":[{"start":{"line":10,"column":18},"end":{"line":10,"column":28}}]},"2":{"type":"branch","line":10,"loc":{"start":{"line":10,"column":25},"end":{"line":11,"column":28}},"locations":[{"start":{"line":10,"column":25},"end":{"line":11,"column":28}}]},"3":{"type":"branch","line":11,"loc":{"start":{"line":11,"column":19},"end":{"line":11,"column":40}},"locations":[{"start":{"line":11,"column":19},"end":{"line":11,"column":40}}]},"4":{"type":"branch","line":11,"loc":{"start":{"line":11,"column":28},"end":{"line":11,"column":55}},"locations":[{"start":{"line":11,"column":28},"end":{"line":11,"column":55}}]},"5":{"type":"branch","line":13,"loc":{"start":{"line":13,"column":33},"end":{"line":13,"column":43}},"locations":[{"start":{"line":13,"column":33},"end":{"line":13,"column":43}}]},"6":{"type":"branch","line":13,"loc":{"start":{"line":13,"column":40},"end":{"line":26,"column":60}},"locations":[{"start":{"line":13,"column":40},"end":{"line":26,"column":60}}]},"7":{"type":"branch","line":26,"loc":{"start":{"line":26,"column":51},"end":{"line":26,"column":63}},"locations":[{"start":{"line":26,"column":51},"end":{"line":26,"column":63}}]},"8":{"type":"branch","line":27,"loc":{"start":{"line":27,"column":52},"end":{"line":27,"column":64}},"locations":[{"start":{"line":27,"column":52},"end":{"line":27,"column":64}}]},"9":{"type":"branch","line":27,"loc":{"start":{"line":27,"column":55},"end":{"line":27,"column":67}},"locations":[{"start":{"line":27,"column":55},"end":{"line":27,"column":67}}]},"10":{"type":"branch","line":28,"loc":{"start":{"line":28,"column":50},"end":{"line":28,"column":62}},"locations":[{"start":{"line":28,"column":50},"end":{"line":28,"column":62}}]},"11":{"type":"branch","line":28,"loc":{"start":{"line":28,"column":53},"end":{"line":28,"column":65}},"locations":[{"start":{"line":28,"column":53},"end":{"line":28,"column":65}}]},"12":{"type":"branch","line":31,"loc":{"start":{"line":31,"column":16},"end":{"line":33,"column":3}},"locations":[{"start":{"line":31,"column":16},"end":{"line":33,"column":3}}]},"13":{"type":"branch","line":33,"loc":{"start":{"line":33,"column":2},"end":{"line":47,"column":1}},"locations":[{"start":{"line":33,"column":2},"end":{"line":47,"column":1}}]},"14":{"type":"branch","line":26,"loc":{"start":{"line":26,"column":25},"end":{"line":26,"column":48}},"locations":[{"start":{"line":26,"column":25},"end":{"line":26,"column":48}}]},"15":{"type":"branch","line":27,"loc":{"start":{"line":27,"column":27},"end":{"line":27,"column":52}},"locations":[{"start":{"line":27,"column":27},"end":{"line":27,"column":52}}]},"16":{"type":"branch","line":28,"loc":{"start":{"line":28,"column":26},"end":{"line":28,"column":50}},"locations":[{"start":{"line":28,"column":26},"end":{"line":28,"column":50}}]}},"b":{"0":[25],"1":[1],"2":[24],"3":[1],"4":[23],"5":[1],"6":[23],"7":[0],"8":[23],"9":[0],"10":[23],"11":[0],"12":[4],"13":[19],"14":[23],"15":[69],"16":[115]},"fnMap":{"0":{"name":"formatFrenchDateTime","decl":{"start":{"line":9,"column":7},"end":{"line":47,"column":1}},"loc":{"start":{"line":9,"column":7},"end":{"line":47,"column":1}},"line":9}},"f":{"0":25}},"/Users/matthieu/Development/cpmb/utils/truncate.ts":{"path":"/Users/matthieu/Development/cpmb/utils/truncate.ts","all":false,"statementMap":{"5":{"start":{"line":6,"column":0},"end":{"line":6,"column":84}},"6":{"start":{"line":7,"column":0},"end":{"line":7,"column":43}},"8":{"start":{"line":9,"column":0},"end":{"line":9,"column":78}},"9":{"start":{"line":10,"column":0},"end":{"line":10,"column":38}},"12":{"start":{"line":13,"column":0},"end":{"line":13,"column":43}},"13":{"start":{"line":14,"column":0},"end":{"line":14,"column":25}},"14":{"start":{"line":15,"column":0},"end":{"line":15,"column":57}},"15":{"start":{"line":16,"column":0},"end":{"line":16,"column":3}},"18":{"start":{"line":19,"column":0},"end":{"line":19,"column":53}},"19":{"start":{"line":20,"column":0},"end":{"line":20,"column":54}},"20":{"start":{"line":21,"column":0},"end":{"line":21,"column":63}},"21":{"start":{"line":22,"column":0},"end":{"line":22,"column":3}},"24":{"start":{"line":25,"column":0},"end":{"line":25,"column":43}},"25":{"start":{"line":26,"column":0},"end":{"line":26,"column":24}},"26":{"start":{"line":27,"column":0},"end":{"line":27,"column":1}},"28":{"start":{"line":29,"column":0},"end":{"line":29,"column":30}}},"s":{"5":1,"6":14,"8":14,"9":14,"12":6,"13":14,"14":3,"15":3,"18":3,"19":14,"20":1,"21":1,"24":2,"25":2,"26":2,"28":1},"branchMap":{"0":{"type":"branch","line":6,"loc":{"start":{"line":6,"column":7},"end":{"line":27,"column":1}},"locations":[{"start":{"line":6,"column":7},"end":{"line":27,"column":1}}]},"1":{"type":"branch","line":7,"loc":{"start":{"line":7,"column":33},"end":{"line":7,"column":43}},"locations":[{"start":{"line":7,"column":33},"end":{"line":7,"column":43}}]},"2":{"type":"branch","line":10,"loc":{"start":{"line":10,"column":26},"end":{"line":10,"column":38}},"locations":[{"start":{"line":10,"column":26},"end":{"line":10,"column":38}}]},"3":{"type":"branch","line":10,"loc":{"start":{"line":10,"column":33},"end":{"line":14,"column":24}},"locations":[{"start":{"line":10,"column":33},"end":{"line":14,"column":24}}]},"4":{"type":"branch","line":14,"loc":{"start":{"line":14,"column":24},"end":{"line":20,"column":32}},"locations":[{"start":{"line":14,"column":24},"end":{"line":20,"column":32}}]},"5":{"type":"branch","line":20,"loc":{"start":{"line":20,"column":26},"end":{"line":20,"column":53}},"locations":[{"start":{"line":20,"column":26},"end":{"line":20,"column":53}}]},"6":{"type":"branch","line":20,"loc":{"start":{"line":20,"column":53},"end":{"line":27,"column":1}},"locations":[{"start":{"line":20,"column":53},"end":{"line":27,"column":1}}]},"7":{"type":"branch","line":20,"loc":{"start":{"line":20,"column":53},"end":{"line":22,"column":3}},"locations":[{"start":{"line":20,"column":53},"end":{"line":22,"column":3}}]},"8":{"type":"branch","line":22,"loc":{"start":{"line":22,"column":2},"end":{"line":27,"column":1}},"locations":[{"start":{"line":22,"column":2},"end":{"line":27,"column":1}}]}},"b":{"0":[14],"1":[0],"2":[8],"3":[6],"4":[3],"5":[1],"6":[10],"7":[1],"8":[2]},"fnMap":{"0":{"name":"truncateAtWord","decl":{"start":{"line":6,"column":7},"end":{"line":27,"column":1}},"loc":{"start":{"line":6,"column":7},"end":{"line":27,"column":1}},"line":6}},"f":{"0":14}}}}